<?xml version="1.0" ?>
<!DOCTYPE coverage SYSTEM "http://cobertura.sourceforge.net/xml/coverage-04.dtd">
<coverage lines-valid="104" lines-covered="68" line-rate="0.6537999999999999" branches-valid="45" branches-covered="15" branch-rate="0.3333" timestamp="1707217102985" complexity="0" version="0.1">
  <sources>
    <source>/home/rio/Documents/projects/discord-afk-js</source>
  </sources>
  <packages>
    <package name="dist" line-rate="0.6729999999999999" branch-rate="0.4782">
      <classes>
        <class name="index.js" filename="dist/index.js" line-rate="0.6729999999999999" branch-rate="0.4782">
          <methods>
            <method name="(anonymous_0)" hits="1" signature="()V">
              <lines>
                <line number="33" hits="1"/>
              </lines>
            </method>
            <method name="(anonymous_1)" hits="1" signature="()V">
              <lines>
                <line number="35" hits="1"/>
              </lines>
            </method>
            <method name="(anonymous_2)" hits="1" signature="()V">
              <lines>
                <line number="39" hits="1"/>
              </lines>
            </method>
            <method name="(anonymous_3)" hits="0" signature="()V">
              <lines>
                <line number="44" hits="0"/>
              </lines>
            </method>
            <method name="(anonymous_4)" hits="1" signature="()V">
              <lines>
                <line number="50" hits="1"/>
              </lines>
            </method>
            <method name="(anonymous_5)" hits="0" signature="()V">
              <lines>
                <line number="54" hits="0"/>
              </lines>
            </method>
            <method name="(anonymous_6)" hits="1" signature="()V">
              <lines>
                <line number="59" hits="1"/>
              </lines>
            </method>
            <method name="(anonymous_7)" hits="1" signature="()V">
              <lines>
                <line number="71" hits="1"/>
              </lines>
            </method>
            <method name="(anonymous_8)" hits="1" signature="()V">
              <lines>
                <line number="100" hits="1"/>
              </lines>
            </method>
            <method name="(anonymous_9)" hits="0" signature="()V">
              <lines>
                <line number="112" hits="0"/>
              </lines>
            </method>
            <method name="(anonymous_10)" hits="1" signature="()V">
              <lines>
                <line number="123" hits="1"/>
              </lines>
            </method>
            <method name="(anonymous_11)" hits="0" signature="()V">
              <lines>
                <line number="135" hits="0"/>
              </lines>
            </method>
          </methods>
          <lines>
            <line number="17" hits="1" branch="false"/>
            <line number="26" hits="1" branch="false"/>
            <line number="29" hits="1" branch="false"/>
            <line number="30" hits="1" branch="false"/>
            <line number="31" hits="1" branch="false"/>
            <line number="32" hits="1" branch="false"/>
            <line number="33" hits="1" branch="false"/>
            <line number="34" hits="1" branch="false"/>
            <line number="35" hits="1" branch="false"/>
            <line number="36" hits="1" branch="false"/>
            <line number="37" hits="1" branch="false"/>
            <line number="39" hits="1" branch="false"/>
            <line number="40" hits="1" branch="true" condition-coverage="60% (3/5)"/>
            <line number="41" hits="1" branch="false"/>
            <line number="42" hits="1" branch="true" condition-coverage="75% (3/4)"/>
            <line number="43" hits="1" branch="false"/>
            <line number="44" hits="0" branch="false"/>
            <line number="47" hits="1" branch="false"/>
            <line number="50" hits="1" branch="false"/>
            <line number="51" hits="1" branch="false"/>
            <line number="52" hits="1" branch="false"/>
            <line number="53" hits="1" branch="false"/>
            <line number="54" hits="0" branch="false"/>
            <line number="56" hits="1" branch="false"/>
            <line number="60" hits="1" branch="false"/>
            <line number="61" hits="1" branch="false"/>
            <line number="72" hits="1" branch="true" condition-coverage="50% (1/2)"/>
            <line number="73" hits="1" branch="false"/>
            <line number="74" hits="1" branch="true" condition-coverage="50% (1/2)"/>
            <line number="75" hits="0" branch="false"/>
            <line number="76" hits="1" branch="false"/>
            <line number="77" hits="0" branch="false"/>
            <line number="79" hits="0" branch="false"/>
            <line number="80" hits="0" branch="true" condition-coverage="0% (0/2)"/>
            <line number="81" hits="0" branch="false"/>
            <line number="82" hits="0" branch="true" condition-coverage="0% (0/2)"/>
            <line number="83" hits="0" branch="false"/>
            <line number="84" hits="0" branch="false"/>
            <line number="86" hits="0" branch="false"/>
            <line number="87" hits="0" branch="false"/>
            <line number="101" hits="1" branch="true" condition-coverage="50% (1/2)"/>
            <line number="102" hits="1" branch="false"/>
            <line number="113" hits="0" branch="false"/>
            <line number="124" hits="1" branch="false"/>
            <line number="125" hits="0" branch="false"/>
            <line number="136" hits="0" branch="false"/>
            <line number="137" hits="0" branch="false"/>
            <line number="138" hits="0" branch="false"/>
            <line number="141" hits="1" branch="false"/>
            <line number="146" hits="1" branch="false"/>
            <line number="148" hits="1" branch="false"/>
            <line number="150" hits="1" branch="false"/>
          </lines>
        </class>
      </classes>
    </package>
    <package name="dist.function" line-rate="0.5681" branch-rate="0.1818">
      <classes>
        <class name="index.js" filename="dist/function/index.js" line-rate="0.5681" branch-rate="0.1818">
          <methods>
            <method name="mongoConnect" hits="1" signature="()V">
              <lines>
                <line number="33" hits="1"/>
              </lines>
            </method>
            <method name="(anonymous_1)" hits="0" signature="()V">
              <lines>
                <line number="35" hits="0"/>
              </lines>
            </method>
            <method name="(anonymous_2)" hits="0" signature="()V">
              <lines>
                <line number="38" hits="0"/>
              </lines>
            </method>
            <method name="setUser" hits="1" signature="()V">
              <lines>
                <line number="43" hits="1"/>
              </lines>
            </method>
            <method name="deleteUser" hits="0" signature="()V">
              <lines>
                <line number="53" hits="0"/>
              </lines>
            </method>
            <method name="searchUser" hits="1" signature="()V">
              <lines>
                <line number="60" hits="1"/>
              </lines>
            </method>
            <method name="getUser" hits="0" signature="()V">
              <lines>
                <line number="69" hits="0"/>
              </lines>
            </method>
            <method name="checkUpdate" hits="1" signature="()V">
              <lines>
                <line number="76" hits="1"/>
              </lines>
            </method>
          </methods>
          <lines>
            <line number="12" hits="1" branch="false"/>
            <line number="13" hits="1" branch="false"/>
            <line number="14" hits="1" branch="false"/>
            <line number="15" hits="1" branch="false"/>
            <line number="16" hits="1" branch="false"/>
            <line number="17" hits="1" branch="false"/>
            <line number="18" hits="1" branch="false"/>
            <line number="23" hits="1" branch="false"/>
            <line number="29" hits="1" branch="false"/>
            <line number="31" hits="1" branch="false"/>
            <line number="34" hits="1" branch="false"/>
            <line number="35" hits="1" branch="false"/>
            <line number="36" hits="0" branch="false"/>
            <line number="37" hits="0" branch="false"/>
            <line number="39" hits="0" branch="true" condition-coverage="0% (0/4)"/>
            <line number="44" hits="1" branch="true" condition-coverage="50% (1/2)"/>
            <line number="45" hits="0" branch="false"/>
            <line number="47" hits="1" branch="false"/>
            <line number="48" hits="0" branch="true" condition-coverage="0% (0/2)"/>
            <line number="49" hits="0" branch="false"/>
            <line number="50" hits="0" branch="false"/>
            <line number="54" hits="0" branch="false"/>
            <line number="55" hits="0" branch="true" condition-coverage="0% (0/2)"/>
            <line number="56" hits="0" branch="false"/>
            <line number="57" hits="0" branch="false"/>
            <line number="61" hits="1" branch="true" condition-coverage="50% (1/2)"/>
            <line number="62" hits="1" branch="false"/>
            <line number="63" hits="0" branch="true" condition-coverage="0% (0/2)"/>
            <line number="64" hits="0" branch="false"/>
            <line number="65" hits="0" branch="false"/>
            <line number="70" hits="0" branch="false"/>
            <line number="71" hits="0" branch="true" condition-coverage="0% (0/2)"/>
            <line number="72" hits="0" branch="false"/>
            <line number="73" hits="0" branch="false"/>
            <line number="77" hits="1" branch="false"/>
            <line number="78" hits="1" branch="false"/>
            <line number="79" hits="1" branch="false"/>
            <line number="81" hits="1" branch="true" condition-coverage="50% (1/2)"/>
            <line number="82" hits="1" branch="false"/>
            <line number="83" hits="1" branch="true" condition-coverage="50% (1/2)"/>
            <line number="84" hits="1" branch="false"/>
            <line number="92" hits="1" branch="false"/>
            <line number="105" hits="0" branch="false"/>
            <line number="109" hits="1" branch="false"/>
          </lines>
        </class>
      </classes>
    </package>
    <package name="lib.db" line-rate="1" branch-rate="1">
      <classes>
        <class name="afkdata.js" filename="lib/db/afkdata.js" line-rate="1" branch-rate="1">
          <methods>
          </methods>
          <lines>
            <line number="10" hits="1" branch="false"/>
            <line number="12" hits="1" branch="false"/>
          </lines>
        </class>
      </classes>
    </package>
    <package name="lib.error" line-rate="1" branch-rate="1">
      <classes>
        <class name="index.js" filename="lib/error/index.js" line-rate="1" branch-rate="1">
          <methods>
          </methods>
          <lines>
            <line number="17" hits="1" branch="false"/>
            <line number="23" hits="1" branch="false"/>
            <line number="29" hits="1" branch="false"/>
            <line number="35" hits="1" branch="false"/>
            <line number="41" hits="1" branch="false"/>
            <line number="45" hits="1" branch="false"/>
          </lines>
        </class>
      </classes>
    </package>
  </packages>
</coverage>
